<?xml version="1.0" encoding="UTF-8"?>
<testsuite xmlns:xsi="http://www.w3.org/2001/XMLSchema-instance" xsi:noNamespaceSchemaLocation="https://maven.apache.org/surefire/maven-surefire-plugin/xsd/surefire-test-report.xsd" name="kas.concurrente.LockTest" time="0.127" tests="6" errors="0" skipped="0" failures="0">
  <properties>
[...]
</properties>
  <testcase name="tasLock" classname="kas.concurrente.LockTest" time="0.032"/>
  <testcase name="ttasLock" classname="kas.concurrente.LockTest" time="0.014"/>
  <testcase name="backoffLock" classname="kas.concurrente.LockTest" time="0.014"/>
  <testcase name="aLock" classname="kas.concurrente.LockTest" time="0.017"/>
  <testcase name="clhLock" classname="kas.concurrente.LockTest" time="0.017"/>
  <testcase name="mcsLock" classname="kas.concurrente.LockTest" time="0.017"/>
</testsuite>